Looking for git in: git
Using git 2.20.1 from git
> git rev-parse --show-toplevel
> git config --get commit.template
Open repository: /media/root/New Volume/Magang/Sentimen/Jadi
> git status -z -u
> git symbolic-ref --short HEAD
> git rev-parse develop2
> git rev-parse --symbolic-full-name develop2@{u}
> git rev-list --left-right develop2...refs/remotes/origin/develop2
> git for-each-ref --format %(refname) %(objectname) --sort -committerdate
> git remote --verbose
> git check-ignore -z --stdin
> git show :Baru/Sentiment_TermWeight/analiser.py
> git status -z -u
> git symbolic-ref --short HEAD
> git rev-parse develop2
> git rev-parse --symbolic-full-name develop2@{u}
> git rev-list --left-right develop2...refs/remotes/origin/develop2
> git for-each-ref --format %(refname) %(objectname) --sort -committerdate
> git remote --verbose
> git status -z -u
> git symbolic-ref --short HEAD
> git rev-parse develop2
> git rev-parse --symbolic-full-name develop2@{u}
> git rev-list --left-right develop2...refs/remotes/origin/develop2
> git for-each-ref --format %(refname) %(objectname) --sort -committerdate
> git remote --verbose
> git status -z -u
> git symbolic-ref --short HEAD
> git rev-parse develop2
> git rev-parse --symbolic-full-name develop2@{u}
> git rev-list --left-right develop2...refs/remotes/origin/develop2
> git for-each-ref --format %(refname) %(objectname) --sort -committerdate
> git remote --verbose
> git status -z -u
> git symbolic-ref --short HEAD
> git rev-parse develop2
> git rev-parse --symbolic-full-name develop2@{u}
> git rev-list --left-right develop2...refs/remotes/origin/develop2
> git for-each-ref --format %(refname) %(objectname) --sort -committerdate
> git remote --verbose
> git status -z -u
> git symbolic-ref --short HEAD
> git rev-parse develop2
> git rev-parse --symbolic-full-name develop2@{u}
> git rev-list --left-right develop2...refs/remotes/origin/develop2
> git for-each-ref --format %(refname) %(objectname) --sort -committerdate
> git remote --verbose
> git status -z -u
> git symbolic-ref --short HEAD
> git rev-parse develop2
> git rev-parse --symbolic-full-name develop2@{u}
> git rev-list --left-right develop2...refs/remotes/origin/develop2
> git for-each-ref --format %(refname) %(objectname) --sort -committerdate
> git remote --verbose
> git status -z -u
> git symbolic-ref --short HEAD
> git rev-parse develop2
> git rev-parse --symbolic-full-name develop2@{u}
> git rev-list --left-right develop2...refs/remotes/origin/develop2
> git for-each-ref --format %(refname) %(objectname) --sort -committerdate
> git remote --verbose
> git status -z -u
> git symbolic-ref --short HEAD
> git rev-parse develop2
> git rev-parse --symbolic-full-name develop2@{u}
> git rev-list --left-right develop2...refs/remotes/origin/develop2
> git for-each-ref --format %(refname) %(objectname) --sort -committerdate
> git remote --verbose
> git status -z -u
> git symbolic-ref --short HEAD
> git rev-parse develop2
> git rev-parse --symbolic-full-name develop2@{u}
> git rev-list --left-right develop2...refs/remotes/origin/develop2
> git for-each-ref --format %(refname) %(objectname) --sort -committerdate
> git remote --verbose
> git status -z -u
> git symbolic-ref --short HEAD
> git rev-parse develop2
> git rev-parse --symbolic-full-name develop2@{u}
> git rev-list --left-right develop2...refs/remotes/origin/develop2
> git for-each-ref --format %(refname) %(objectname) --sort -committerdate
> git remote --verbose
> git status -z -u
> git symbolic-ref --short HEAD
> git rev-parse develop2
> git rev-parse --symbolic-full-name develop2@{u}
> git rev-list --left-right develop2...refs/remotes/origin/develop2
> git for-each-ref --format %(refname) %(objectname) --sort -committerdate
> git remote --verbose
> git status -z -u
> git symbolic-ref --short HEAD
> git rev-parse develop2
> git rev-parse --symbolic-full-name develop2@{u}
> git rev-list --left-right develop2...refs/remotes/origin/develop2
> git for-each-ref --format %(refname) %(objectname) --sort -committerdate
> git remote --verbose
> git status -z -u
> git symbolic-ref --short HEAD
> git rev-parse develop2
> git rev-parse --symbolic-full-name develop2@{u}
> git rev-list --left-right develop2...refs/remotes/origin/develop2
> git for-each-ref --format %(refname) %(objectname) --sort -committerdate
> git remote --verbose
> git status -z -u
> git symbolic-ref --short HEAD
> git rev-parse develop2
> git rev-parse --symbolic-full-name develop2@{u}
> git rev-list --left-right develop2...refs/remotes/origin/develop2
> git for-each-ref --format %(refname) %(objectname) --sort -committerdate
> git remote --verbose
