[2019-01-30 10:06:55.704] [sharedprocess] [info] main {"machineId":"9311507c578d0b707c8bb07381261ba7cc212c34c48e93789ba708b92eb4c0cb"}
[2019-01-30 10:06:55.826] [sharedprocess] [info] Scanned user extensions: 5
[2019-01-30 10:06:55.875] [sharedprocess] [info] Scanned user extensions: 5
[2019-01-30 10:06:55.889] [sharedprocess] [info] Scanned user extensions: 5
[2019-01-30 10:06:56.038] [sharedprocess] [info] Scanned system extensions: 71
[2019-01-30 10:06:56.047] [sharedprocess] [info] Scanned system extensions: 71
[2019-01-30 10:06:56.055] [sharedprocess] [info] Scanned system extensions: 71
[2019-01-30 10:06:56.075] [sharedprocess] [info] Scanned user extensions: 5
[2019-01-30 10:06:57.888] [sharedprocess] [info] Installing extension: python
[2019-01-30 10:06:57.909] [sharedprocess] [info] Scanned user extensions: 5
[2019-01-30 10:07:06.929] [sharedprocess] [info] Downloaded extension: python /tmp/260bf914-66bc-4db3-87d2-19b149abd805
[2019-01-30 10:07:08.600] [sharedprocess] [info] Extracted extension to /root/.vscode/extensions/.ms-python.python-2019.1.0: ms-python.python-2019.1.0
[2019-01-30 10:07:08.600] [sharedprocess] [info] Renamed to /root/.vscode/extensions/ms-python.python-2019.1.0
[2019-01-30 10:07:08.600] [sharedprocess] [info] Installation completed. ms-python.python-2019.1.0
[2019-01-30 10:07:08.631] [sharedprocess] [info] Extensions installed successfully: ms-python.python
[2019-01-30 10:07:12.098] [sharedprocess] [info] Scanned user extensions: 5
[2019-01-30 10:07:12.124] [sharedprocess] [info] Scanned user extensions: 5
[2019-01-30 10:07:12.318] [sharedprocess] [info] Scanned system extensions: 71
[2019-01-30 10:07:12.333] [sharedprocess] [info] Scanned system extensions: 71
[2019-01-30 10:07:13.098] [sharedprocess] [info] Scanned user extensions: 5
[2019-01-30 10:07:22.076] [sharedprocess] [info] Scanned user extensions: 5
[2019-01-30 10:07:22.162] [sharedprocess] [info] Scanned system extensions: 71
[2019-01-30 10:07:35.711] [sharedprocess] [info] Starting to clean up unused language packs.
[2019-01-30 10:12:13.191] [sharedprocess] [info] Scanned user extensions: 5
[2019-01-30 10:17:13.263] [sharedprocess] [info] Scanned user extensions: 5
[2019-01-30 10:22:13.329] [sharedprocess] [info] Scanned user extensions: 5
[2019-01-30 10:27:13.391] [sharedprocess] [info] Scanned user extensions: 5
[2019-01-30 10:32:13.448] [sharedprocess] [info] Scanned user extensions: 5
[2019-01-30 10:37:13.505] [sharedprocess] [info] Scanned user extensions: 5
[2019-01-30 10:42:13.579] [sharedprocess] [info] Scanned user extensions: 5
[2019-01-30 10:47:13.643] [sharedprocess] [info] Scanned user extensions: 5
[2019-01-30 10:52:13.708] [sharedprocess] [info] Scanned user extensions: 5
[2019-01-30 10:57:13.772] [sharedprocess] [info] Scanned user extensions: 5
[2019-01-30 11:02:13.837] [sharedprocess] [info] Scanned user extensions: 5
[2019-01-30 11:07:14.382] [sharedprocess] [info] Scanned user extensions: 5
[2019-01-30 11:12:14.471] [sharedprocess] [info] Scanned user extensions: 5
[2019-01-30 11:17:14.538] [sharedprocess] [info] Scanned user extensions: 5
[2019-01-30 11:22:14.596] [sharedprocess] [info] Scanned user extensions: 5
[2019-01-30 11:27:14.668] [sharedprocess] [info] Scanned user extensions: 5
[2019-01-30 11:32:14.731] [sharedprocess] [info] Scanned user extensions: 5
[2019-01-30 11:37:14.792] [sharedprocess] [info] Scanned user extensions: 5
[2019-01-30 11:42:14.847] [sharedprocess] [info] Scanned user extensions: 5
[2019-01-30 11:47:14.924] [sharedprocess] [info] Scanned user extensions: 5
[2019-01-30 11:52:14.985] [sharedprocess] [info] Scanned user extensions: 5
[2019-01-30 11:57:15.046] [sharedprocess] [info] Scanned user extensions: 5
[2019-01-30 12:02:15.106] [sharedprocess] [info] Scanned user extensions: 5
[2019-01-30 12:07:15.283] [sharedprocess] [info] Scanned user extensions: 5
[2019-01-30 12:12:15.344] [sharedprocess] [info] Scanned user extensions: 5
[2019-01-30 12:17:15.402] [sharedprocess] [info] Scanned user extensions: 5
[2019-01-30 12:22:15.459] [sharedprocess] [info] Scanned user extensions: 5
[2019-01-30 12:27:15.520] [sharedprocess] [info] Scanned user extensions: 5
[2019-01-30 12:32:15.580] [sharedprocess] [info] Scanned user extensions: 5
[2019-01-30 12:37:15.643] [sharedprocess] [info] Scanned user extensions: 5
[2019-01-30 12:42:15.705] [sharedprocess] [info] Scanned user extensions: 5
[2019-01-30 12:47:15.765] [sharedprocess] [info] Scanned user extensions: 5
[2019-01-30 12:52:15.827] [sharedprocess] [info] Scanned user extensions: 5
[2019-01-30 12:57:15.885] [sharedprocess] [info] Scanned user extensions: 5
[2019-01-30 13:02:15.940] [sharedprocess] [info] Scanned user extensions: 5
[2019-01-30 13:07:16.173] [sharedprocess] [info] Scanned user extensions: 5
[2019-01-30 13:12:16.236] [sharedprocess] [info] Scanned user extensions: 5
[2019-01-30 13:17:16.292] [sharedprocess] [info] Scanned user extensions: 5
[2019-01-30 13:22:16.362] [sharedprocess] [info] Scanned user extensions: 5
[2019-01-30 13:27:16.423] [sharedprocess] [info] Scanned user extensions: 5
[2019-01-30 13:32:16.487] [sharedprocess] [info] Scanned user extensions: 5
[2019-01-30 13:37:16.543] [sharedprocess] [info] Scanned user extensions: 5
[2019-01-30 13:42:16.600] [sharedprocess] [info] Scanned user extensions: 5
[2019-01-30 13:47:16.663] [sharedprocess] [info] Scanned user extensions: 5
[2019-01-30 13:52:16.744] [sharedprocess] [info] Scanned user extensions: 5
[2019-01-30 13:54:54.204] [sharedprocess] [info] Scanned user extensions: 5
[2019-01-30 13:54:54.218] [sharedprocess] [info] Scanned user extensions: 5
[2019-01-30 13:54:54.443] [sharedprocess] [info] Scanned system extensions: 71
[2019-01-30 13:54:54.457] [sharedprocess] [info] Scanned system extensions: 71
[2019-01-30 13:57:16.815] [sharedprocess] [info] Scanned user extensions: 5
[2019-01-30 14:02:16.900] [sharedprocess] [info] Scanned user extensions: 5
[2019-01-30 14:07:17.044] [sharedprocess] [info] Scanned user extensions: 5
[2019-01-30 14:12:17.120] [sharedprocess] [info] Scanned user extensions: 5
[2019-01-30 14:17:17.178] [sharedprocess] [info] Scanned user extensions: 5
[2019-01-30 14:22:17.237] [sharedprocess] [info] Scanned user extensions: 5
[2019-01-30 14:27:17.306] [sharedprocess] [info] Scanned user extensions: 5
[2019-01-30 14:32:17.367] [sharedprocess] [info] Scanned user extensions: 5
[2019-01-30 14:37:17.438] [sharedprocess] [info] Scanned user extensions: 5
[2019-01-30 14:42:17.499] [sharedprocess] [info] Scanned user extensions: 5
[2019-01-30 14:47:17.561] [sharedprocess] [info] Scanned user extensions: 5
[2019-01-30 14:52:17.654] [sharedprocess] [info] Scanned user extensions: 5
[2019-01-30 14:57:17.720] [sharedprocess] [info] Scanned user extensions: 5
[2019-01-30 15:02:17.781] [sharedprocess] [info] Scanned user extensions: 5
[2019-01-30 15:07:20.620] [sharedprocess] [info] Scanned user extensions: 5
[2019-01-30 15:12:20.682] [sharedprocess] [info] Scanned user extensions: 5
[2019-01-30 15:17:20.746] [sharedprocess] [info] Scanned user extensions: 5
[2019-01-30 15:22:20.804] [sharedprocess] [info] Scanned user extensions: 5
[2019-01-30 15:27:20.861] [sharedprocess] [info] Scanned user extensions: 5
[2019-01-30 15:32:20.920] [sharedprocess] [info] Scanned user extensions: 5
[2019-01-30 15:37:21.018] [sharedprocess] [info] Scanned user extensions: 5
[2019-01-30 15:42:21.081] [sharedprocess] [info] Scanned user extensions: 5
[2019-01-30 15:47:21.141] [sharedprocess] [info] Scanned user extensions: 5
[2019-01-30 15:52:21.226] [sharedprocess] [info] Scanned user extensions: 5
[2019-01-30 15:57:21.284] [sharedprocess] [info] Scanned user extensions: 5
[2019-01-30 16:02:21.346] [sharedprocess] [info] Scanned user extensions: 5
[2019-01-30 16:07:21.567] [sharedprocess] [info] Scanned user extensions: 5
[2019-01-30 16:12:21.637] [sharedprocess] [info] Scanned user extensions: 5
[2019-01-30 16:17:21.725] [sharedprocess] [info] Scanned user extensions: 5
[2019-01-30 16:22:21.794] [sharedprocess] [info] Scanned user extensions: 5
[2019-01-30 16:27:21.862] [sharedprocess] [info] Scanned user extensions: 5
[2019-01-30 16:32:21.927] [sharedprocess] [info] Scanned user extensions: 5
[2019-01-30 16:37:21.993] [sharedprocess] [info] Scanned user extensions: 5
[2019-01-30 16:42:22.051] [sharedprocess] [info] Scanned user extensions: 5
[2019-01-30 16:47:22.112] [sharedprocess] [info] Scanned user extensions: 5
