[2019-02-01 09:56:47.852] [exthost] [info] extension host started
[2019-02-01 09:56:47.902] [exthost] [info] ExtensionService#_doActivateExtension vscode.debug-auto-launch {"startup":true,"activationEvent":"*"}
[2019-02-01 09:56:47.902] [exthost] [info] ExtensionService#loadCommonJSModule /usr/share/code/resources/app/extensions/debug-auto-launch/dist/extension
[2019-02-01 09:56:47.915] [exthost] [info] ExtensionService#_doActivateExtension vscode.emmet {"startup":true,"activationEvent":"*"}
[2019-02-01 09:56:47.915] [exthost] [info] ExtensionService#loadCommonJSModule /usr/share/code/resources/app/extensions/emmet/dist/extension
[2019-02-01 09:56:47.956] [exthost] [info] ExtensionService#_doActivateExtension vscode.git {"startup":true,"activationEvent":"*"}
[2019-02-01 09:56:47.956] [exthost] [info] ExtensionService#loadCommonJSModule /usr/share/code/resources/app/extensions/git/dist/main
[2019-02-01 09:56:48.211] [exthost] [info] ExtensionService#_doActivateExtension vscode.merge-conflict {"startup":true,"activationEvent":"*"}
[2019-02-01 09:56:48.211] [exthost] [info] ExtensionService#loadCommonJSModule /usr/share/code/resources/app/extensions/merge-conflict/dist/extension
[2019-02-01 09:56:48.232] [exthost] [info] ExtensionService#_doActivateExtension eamodio.gitlens {"startup":true,"activationEvent":"*"}
[2019-02-01 09:56:48.232] [exthost] [info] ExtensionService#loadCommonJSModule /root/.vscode/extensions/eamodio.gitlens-9.1.0/dist/extension
[2019-02-01 09:56:48.504] [exthost] [info] eager extensions activated
[2019-02-01 09:58:00.588] [exthost] [info] extension host started
[2019-02-01 09:58:00.653] [exthost] [info] ExtensionService#_doActivateExtension vscode.debug-auto-launch {"startup":true,"activationEvent":"*"}
[2019-02-01 09:58:00.653] [exthost] [info] ExtensionService#loadCommonJSModule /usr/share/code/resources/app/extensions/debug-auto-launch/dist/extension
[2019-02-01 09:58:00.665] [exthost] [info] ExtensionService#_doActivateExtension vscode.emmet {"startup":true,"activationEvent":"*"}
[2019-02-01 09:58:00.665] [exthost] [info] ExtensionService#loadCommonJSModule /usr/share/code/resources/app/extensions/emmet/dist/extension
[2019-02-01 09:58:00.712] [exthost] [info] ExtensionService#_doActivateExtension vscode.git {"startup":true,"activationEvent":"*"}
[2019-02-01 09:58:00.712] [exthost] [info] ExtensionService#loadCommonJSModule /usr/share/code/resources/app/extensions/git/dist/main
[2019-02-01 09:58:00.909] [exthost] [info] ExtensionService#_doActivateExtension vscode.merge-conflict {"startup":true,"activationEvent":"*"}
[2019-02-01 09:58:00.909] [exthost] [info] ExtensionService#loadCommonJSModule /usr/share/code/resources/app/extensions/merge-conflict/dist/extension
[2019-02-01 09:58:00.918] [exthost] [info] ExtensionService#_doActivateExtension eamodio.gitlens {"startup":true,"activationEvent":"*"}
[2019-02-01 09:58:00.918] [exthost] [info] ExtensionService#loadCommonJSModule /root/.vscode/extensions/eamodio.gitlens-9.1.0/dist/extension
[2019-02-01 09:58:01.743] [exthost] [info] eager extensions activated
[2019-02-01 09:59:43.237] [exthost] [info] ExtensionService#_doActivateExtension vscode.python {"startup":false,"activationEvent":"onLanguage:python"}
[2019-02-01 09:59:43.237] [exthost] [info] ExtensionService#loadCommonJSModule /usr/share/code/resources/app/extensions/python/out/pythonMain
[2019-02-01 09:59:43.242] [exthost] [info] ExtensionService#_doActivateExtension ms-python.python {"startup":false,"activationEvent":"onLanguage:python"}
[2019-02-01 09:59:43.242] [exthost] [info] ExtensionService#loadCommonJSModule /root/.vscode/extensions/ms-python.python-2019.1.0/out/client/extension
